<?xml version="1.0" encoding="UTF-8"?>
<testng-results ignored="0" total="1" passed="1" failed="0" skipped="0">
  <reporter-output>
  </reporter-output>
  <suite started-at="2023-07-25T12:44:29 IST" name="Default suite" finished-at="2023-07-25T12:44:32 IST" duration-ms="2783">
    <groups>
    </groups>
    <test started-at="2023-07-25T12:44:29 IST" name="Default test" finished-at="2023-07-25T12:44:32 IST" duration-ms="2783">
      <class name="com.simplilearn.Ecommerce.EcommerceAutomate">
        <test-method is-config="true" signature="setUp()[pri:0, instance:com.simplilearn.Ecommerce.EcommerceAutomate@647e447]" started-at="2023-07-25T12:44:29 IST" name="setUp" finished-at="2023-07-25T12:44:31 IST" duration-ms="1281" status="PASS">
          <reporter-output>
          </reporter-output>
        </test-method> <!-- setUp -->
        <test-method signature="testOrderFirstProduct()[pri:0, instance:com.simplilearn.Ecommerce.EcommerceAutomate@647e447]" started-at="2023-07-25T12:44:31 IST" name="testOrderFirstProduct" finished-at="2023-07-25T12:44:32 IST" duration-ms="1333" status="PASS">
          <reporter-output>
          </reporter-output>
        </test-method> <!-- testOrderFirstProduct -->
        <test-method is-config="true" signature="closeBrowser()[pri:0, instance:com.simplilearn.Ecommerce.EcommerceAutomate@647e447]" started-at="2023-07-25T12:44:32 IST" name="closeBrowser" finished-at="2023-07-25T12:44:32 IST" duration-ms="140" status="PASS">
          <reporter-output>
          </reporter-output>
        </test-method> <!-- closeBrowser -->
      </class> <!-- com.simplilearn.Ecommerce.EcommerceAutomate -->
    </test> <!-- Default test -->
  </suite> <!-- Default suite -->
</testng-results>
