<?xml version="1.0" encoding="UTF-8"?>
<testng-results ignored="0" total="1" passed="1" failed="0" skipped="0">
  <reporter-output>
  </reporter-output>
  <suite started-at="2023-08-01T14:13:40 IST" name="Default suite" finished-at="2023-08-01T14:13:53 IST" duration-ms="12770">
    <groups>
      <group name="cucumber">
        <method signature="AbstractTestNGCucumberTests.runScenario(io.cucumber.testng.PickleWrapper,io.cucumber.testng.FeatureWrapper)[pri:0, instance:com.swiggy.teststeps.TestRunner@fbd1f6]" name="runScenario" class="io.cucumber.testng.AbstractTestNGCucumberTests"/>
      </group> <!-- cucumber -->
    </groups>
    <test started-at="2023-08-01T14:13:40 IST" name="Default test" finished-at="2023-08-01T14:13:53 IST" duration-ms="12770">
      <class name="com.swiggy.teststeps.TestRunner">
        <test-method is-config="true" signature="setUpClass(org.testng.ITestContext)[pri:0, instance:com.swiggy.teststeps.TestRunner@fbd1f6]" started-at="2023-08-01T14:13:40 IST" name="setUpClass" finished-at="2023-08-01T14:13:40 IST" duration-ms="177" status="PASS">
          <params>
            <param index="0">
              <value>
                <![CDATA[org.testng.TestRunner@6d091cad]]>
              </value>
            </param>
          </params>
          <reporter-output>
          </reporter-output>
        </test-method> <!-- setUpClass -->
        <test-method signature="runScenario(io.cucumber.testng.PickleWrapper,io.cucumber.testng.FeatureWrapper)[pri:0, instance:com.swiggy.teststeps.TestRunner@fbd1f6]" started-at="2023-08-01T14:13:40 IST" name="runScenario" description="Runs Cucumber Scenarios" data-provider="scenarios" finished-at="2023-08-01T14:13:53 IST" duration-ms="12545" status="PASS">
          <params>
            <param index="0">
              <value>
                <![CDATA["A user must be able to order in Swiggy"]]>
              </value>
            </param>
            <param index="1">
              <value>
                <![CDATA["Optional[Swiggy First Order]"]]>
              </value>
            </param>
          </params>
          <reporter-output>
          </reporter-output>
        </test-method> <!-- runScenario -->
        <test-method is-config="true" signature="tearDownClass()[pri:0, instance:com.swiggy.teststeps.TestRunner@fbd1f6]" started-at="2023-08-01T14:13:53 IST" name="tearDownClass" finished-at="2023-08-01T14:13:53 IST" duration-ms="6" status="PASS">
          <reporter-output>
          </reporter-output>
        </test-method> <!-- tearDownClass -->
      </class> <!-- com.swiggy.teststeps.TestRunner -->
    </test> <!-- Default test -->
  </suite> <!-- Default suite -->
</testng-results>
