<?xml version="1.0" encoding="UTF-8"?>
<testng-results ignored="0" total="7" passed="7" failed="0" skipped="0">
  <reporter-output>
  </reporter-output>
  <suite started-at="2023-07-31T10:10:35 IST" name="Suite" finished-at="2023-07-31T10:11:51 IST" duration-ms="75691">
    <groups>
      <group name="cucumber">
        <method signature="AbstractTestNGCucumberTests.runScenario(io.cucumber.testng.PickleWrapper,io.cucumber.testng.FeatureWrapper)[pri:0, instance:in.amazon.teststeps.TestRunner@512535ff]" name="runScenario" class="io.cucumber.testng.AbstractTestNGCucumberTests"/>
      </group> <!-- cucumber -->
    </groups>
    <test started-at="2023-07-31T10:10:35 IST" name="testng" finished-at="2023-07-31T10:11:51 IST" duration-ms="75691">
      <class name="in.amazon.teststeps.TestRunner">
        <test-method is-config="true" signature="setUpClass(org.testng.ITestContext)[pri:0, instance:in.amazon.teststeps.TestRunner@512535ff]" started-at="2023-07-31T10:10:35 IST" name="setUpClass" finished-at="2023-07-31T10:10:36 IST" duration-ms="222" status="PASS">
          <params>
            <param index="0">
              <value>
                <![CDATA[org.testng.TestRunner@5fb8dc01]]>
              </value>
            </param>
          </params>
          <reporter-output>
          </reporter-output>
        </test-method> <!-- setUpClass -->
        <test-method signature="runScenario(io.cucumber.testng.PickleWrapper,io.cucumber.testng.FeatureWrapper)[pri:0, instance:in.amazon.teststeps.TestRunner@512535ff]" started-at="2023-07-31T10:10:36 IST" name="runScenario" description="Runs Cucumber Scenarios" data-provider="scenarios" finished-at="2023-07-31T10:11:03 IST" duration-ms="26996" status="PASS">
          <params>
            <param index="0">
              <value>
                <![CDATA["A usermust be able to buy a mobile phone on Amazon"]]>
              </value>
            </param>
            <param index="1">
              <value>
                <![CDATA["Optional[Buy Mobile Phone]"]]>
              </value>
            </param>
          </params>
          <reporter-output>
          </reporter-output>
        </test-method> <!-- runScenario -->
        <test-method signature="runScenario(io.cucumber.testng.PickleWrapper,io.cucumber.testng.FeatureWrapper)[pri:0, instance:in.amazon.teststeps.TestRunner@512535ff]" started-at="2023-07-31T10:11:03 IST" name="runScenario" description="Runs Cucumber Scenarios" data-provider="scenarios" finished-at="2023-07-31T10:11:10 IST" duration-ms="7785" status="PASS">
          <params>
            <param index="0">
              <value>
                <![CDATA["A user with invalid credentials must get an error message while logging in"]]>
              </value>
            </param>
            <param index="1">
              <value>
                <![CDATA["Optional[Login Functionality]"]]>
              </value>
            </param>
          </params>
          <reporter-output>
          </reporter-output>
        </test-method> <!-- runScenario -->
        <test-method signature="runScenario(io.cucumber.testng.PickleWrapper,io.cucumber.testng.FeatureWrapper)[pri:0, instance:in.amazon.teststeps.TestRunner@512535ff]" started-at="2023-07-31T10:11:10 IST" name="runScenario" description="Runs Cucumber Scenarios" data-provider="scenarios" finished-at="2023-07-31T10:11:20 IST" duration-ms="9869" status="PASS">
          <params>
            <param index="0">
              <value>
                <![CDATA["A user with multiple invalid credentials must get an error message while logging in"]]>
              </value>
            </param>
            <param index="1">
              <value>
                <![CDATA["Optional[Login Functionality]"]]>
              </value>
            </param>
          </params>
          <reporter-output>
          </reporter-output>
        </test-method> <!-- runScenario -->
        <test-method signature="runScenario(io.cucumber.testng.PickleWrapper,io.cucumber.testng.FeatureWrapper)[pri:0, instance:in.amazon.teststeps.TestRunner@512535ff]" started-at="2023-07-31T10:11:20 IST" name="runScenario" description="Runs Cucumber Scenarios" data-provider="scenarios" finished-at="2023-07-31T10:11:28 IST" duration-ms="7546" status="PASS">
          <params>
            <param index="0">
              <value>
                <![CDATA["A user with multiple invalid credentials must get an error message while logging in"]]>
              </value>
            </param>
            <param index="1">
              <value>
                <![CDATA["Optional[Login Functionality]"]]>
              </value>
            </param>
          </params>
          <reporter-output>
          </reporter-output>
        </test-method> <!-- runScenario -->
        <test-method signature="runScenario(io.cucumber.testng.PickleWrapper,io.cucumber.testng.FeatureWrapper)[pri:0, instance:in.amazon.teststeps.TestRunner@512535ff]" started-at="2023-07-31T10:11:28 IST" name="runScenario" description="Runs Cucumber Scenarios" data-provider="scenarios" finished-at="2023-07-31T10:11:36 IST" duration-ms="7966" status="PASS">
          <params>
            <param index="0">
              <value>
                <![CDATA["A user with multiple invalid credentials must get an error message while logging in"]]>
              </value>
            </param>
            <param index="1">
              <value>
                <![CDATA["Optional[Login Functionality]"]]>
              </value>
            </param>
          </params>
          <reporter-output>
          </reporter-output>
        </test-method> <!-- runScenario -->
        <test-method signature="runScenario(io.cucumber.testng.PickleWrapper,io.cucumber.testng.FeatureWrapper)[pri:0, instance:in.amazon.teststeps.TestRunner@512535ff]" started-at="2023-07-31T10:11:36 IST" name="runScenario" description="Runs Cucumber Scenarios" data-provider="scenarios" finished-at="2023-07-31T10:11:43 IST" duration-ms="7453" status="PASS">
          <params>
            <param index="0">
              <value>
                <![CDATA["A user with multiple invalid credentials must get an error message while logging in"]]>
              </value>
            </param>
            <param index="1">
              <value>
                <![CDATA["Optional[Login Functionality]"]]>
              </value>
            </param>
          </params>
          <reporter-output>
          </reporter-output>
        </test-method> <!-- runScenario -->
        <test-method signature="runScenario(io.cucumber.testng.PickleWrapper,io.cucumber.testng.FeatureWrapper)[pri:0, instance:in.amazon.teststeps.TestRunner@512535ff]" started-at="2023-07-31T10:11:43 IST" name="runScenario" description="Runs Cucumber Scenarios" data-provider="scenarios" finished-at="2023-07-31T10:11:51 IST" duration-ms="7749" status="PASS">
          <params>
            <param index="0">
              <value>
                <![CDATA["A user with multiple invalid credentials must get an error message while logging in"]]>
              </value>
            </param>
            <param index="1">
              <value>
                <![CDATA["Optional[Login Functionality]"]]>
              </value>
            </param>
          </params>
          <reporter-output>
          </reporter-output>
        </test-method> <!-- runScenario -->
        <test-method is-config="true" signature="tearDownClass()[pri:0, instance:in.amazon.teststeps.TestRunner@512535ff]" started-at="2023-07-31T10:11:51 IST" name="tearDownClass" finished-at="2023-07-31T10:11:51 IST" duration-ms="17" status="PASS">
          <reporter-output>
          </reporter-output>
        </test-method> <!-- tearDownClass -->
      </class> <!-- in.amazon.teststeps.TestRunner -->
    </test> <!-- testng -->
  </suite> <!-- Suite -->
</testng-results>
