<?xml version="1.0" encoding="UTF-8"?>
<testng-results ignored="0" total="1" passed="1" failed="0" skipped="0">
  <reporter-output>
  </reporter-output>
  <suite started-at="2023-08-24T17:08:49 IST" name="Default suite" finished-at="2023-08-24T17:08:50 IST" duration-ms="1173">
    <groups>
    </groups>
    <test started-at="2023-08-24T17:08:49 IST" name="Default test" finished-at="2023-08-24T17:08:50 IST" duration-ms="1173">
      <class name="com.simplilearn.RestAssuredSportyShoes.GETUsers">
        <test-method signature="getServerResponse()[pri:0, instance:com.simplilearn.RestAssuredSportyShoes.GETUsers@6aaceffd]" started-at="2023-08-24T17:08:49 IST" name="getServerResponse" finished-at="2023-08-24T17:08:50 IST" duration-ms="1125" status="PASS">
          <reporter-output>
          </reporter-output>
        </test-method> <!-- getServerResponse -->
      </class> <!-- com.simplilearn.RestAssuredSportyShoes.GETUsers -->
    </test> <!-- Default test -->
  </suite> <!-- Default suite -->
</testng-results>
